<?xml version="1.0" encoding="UTF-8"?>
<!-- Generated by org.testng.reporters.JUnitReportReporter -->
<testsuite hostname="DESKTOP-DVMI27D" failures="0" tests="1" name="com.amazontest.HomePageValidations" time="15.690" errors="0" timestamp="2020-11-25T11:11:46 EST" skipped="0">
  <testcase classname="com.amazontest.HomePageValidations" name="validateUserBeingAbleToTypeOnSearchBar" time="15.690"/>
  <system-out/>
</testsuite> <!-- com.amazontest.HomePageValidations -->
