<?xml version="1.0" encoding="UTF-8"?>
<!-- Generated by org.testng.reporters.JUnitReportReporter -->
<testsuite hostname="DESKTOP-DVMI27D" failures="0" tests="1" name="com.amazontest.HomePageValidations" time="11.495" errors="0" timestamp="2020-11-24T16:06:59 EST" skipped="0">
  <testcase classname="com.amazontest.HomePageValidations" name="validateUserBeingAbleToTypeOnSearchBar" time="11.495"/>
  <system-out/>
</testsuite> <!-- com.amazontest.HomePageValidations -->
