<?xml version="1.0" encoding="UTF-8"?>
<!-- Generated by org.testng.reporters.JUnitReportReporter -->
<testsuite hostname="DESKTOP-DVMI27D" failures="1" tests="10" name="com.amazontest.HomePageValidations" time="154.591" errors="0" timestamp="2020-12-03T16:03:56 EST" skipped="1">
  <testcase classname="com.amazontest.HomePageValidations" name="validateUSerBeenAbleToRefreshHomePage" time="16.905"/>
  <system-out/>
  <testcase classname="com.amazontest.HomePageValidations" name="validateUSerBeenAbleToMouseHoverHelloSignInButtonAndClickOnSignInButton" time="23.234"/>
  <system-out/>
  <testcase classname="com.amazontest.HomePageValidations" name="validateUserBeingAbleToTypeOnSearchBar" time="14.205"/>
  <system-out>
<<<<<<<Iphones have been Typed>>>>>>><br>  </system-out>
  <testcase classname="com.amazontest.HomePageValidations" name="validateUSerBeenAbleToClickOnWholeFoodTab" time="15.553"/>
  <system-out/>
  <testcase classname="com.amazontest.HomePageValidations" name="validateUserBeingAbleToClickOnSearchButton" time="15.508">
    <failure message="expected:&lt;...ps://www.amazon.com/[]&gt; but was:&lt;...ps://www.amazon.com/[s?k=Iphones&amp;ref=nb_sb_noss_2]&gt;" type="org.junit.ComparisonFailure">
      <![CDATA[org.junit.ComparisonFailure: expected:<...ps://www.amazon.com/[]> but was:<...ps://www.amazon.com/[s?k=Iphones&ref=nb_sb_noss_2]>
at org.junit.Assert.assertEquals(Assert.java:115)
at org.junit.Assert.assertEquals(Assert.java:144)
at com.amazon.pages.HomePage.clickOnSearchButton(HomePage.java:83)
at com.amazontest.HomePageValidations.validateUserBeingAbleToClickOnSearchButton(HomePageValidations.java:24)
at java.base/jdk.internal.reflect.NativeMethodAccessorImpl.invoke0(Native Method)
at java.base/jdk.internal.reflect.NativeMethodAccessorImpl.invoke(NativeMethodAccessorImpl.java:62)
at java.base/jdk.internal.reflect.DelegatingMethodAccessorImpl.invoke(DelegatingMethodAccessorImpl.java:43)
at java.base/java.lang.reflect.Method.invoke(Method.java:566)
at org.testng.internal.MethodInvocationHelper.invokeMethod(MethodInvocationHelper.java:132)
at org.testng.internal.TestInvoker.invokeMethod(TestInvoker.java:599)
at org.testng.internal.TestInvoker.invokeTestMethod(TestInvoker.java:174)
at org.testng.internal.MethodRunner.runInSequence(MethodRunner.java:46)
at org.testng.internal.TestInvoker$MethodInvocationAgent.invoke(TestInvoker.java:822)
at org.testng.internal.TestInvoker.invokeTestMethods(TestInvoker.java:147)
at org.testng.internal.TestMethodWorker.invokeTestMethods(TestMethodWorker.java:146)
at org.testng.internal.TestMethodWorker.run(TestMethodWorker.java:128)
at java.base/java.util.ArrayList.forEach(ArrayList.java:1541)
at org.testng.TestRunner.privateRun(TestRunner.java:764)
at org.testng.TestRunner.run(TestRunner.java:585)
at org.testng.SuiteRunner.runTest(SuiteRunner.java:384)
at org.testng.SuiteRunner.runSequentially(SuiteRunner.java:378)
at org.testng.SuiteRunner.privateRun(SuiteRunner.java:337)
at org.testng.SuiteRunner.run(SuiteRunner.java:286)
at org.testng.SuiteRunnerWorker.runSuite(SuiteRunnerWorker.java:53)
at org.testng.SuiteRunnerWorker.run(SuiteRunnerWorker.java:96)
at org.testng.TestNG.runSuitesSequentially(TestNG.java:1218)
at org.testng.TestNG.runSuitesLocally(TestNG.java:1140)
at org.testng.TestNG.runSuites(TestNG.java:1069)
at org.testng.TestNG.run(TestNG.java:1037)
at org.apache.maven.surefire.testng.TestNGExecutor.run(TestNGExecutor.java:283)
at org.apache.maven.surefire.testng.TestNGXmlTestSuite.execute(TestNGXmlTestSuite.java:75)
at org.apache.maven.surefire.testng.TestNGProvider.invoke(TestNGProvider.java:120)
at org.apache.maven.surefire.booter.ForkedBooter.invokeProviderInSameClassLoader(ForkedBooter.java:384)
at org.apache.maven.surefire.booter.ForkedBooter.runSuitesInProcess(ForkedBooter.java:345)
at org.apache.maven.surefire.booter.ForkedBooter.execute(ForkedBooter.java:126)
at org.apache.maven.surefire.booter.ForkedBooter.main(ForkedBooter.java:418)
]]>
    </failure>
  </testcase> <!-- validateUserBeingAbleToClickOnSearchButton -->
  <system-out/>
  <testcase classname="com.amazontest.HomePageValidations" name="validateUserBeingAbleToClickOnDropDownAndSelectAmazonPharmacy" time="18.256"/>
  <system-out/>
  <testcase classname="com.amazontest.HomePageValidations" name="ValidateUserBeingAbleToClickOnTodaysAmazonBasics" time="21.678"/>
  <system-out/>
  <testcase classname="com.amazontest.HomePageValidations" name="validateUSerBeenAbleToClickOnCustomerServiceButton" time="14.825"/>
  <system-out/>
  <testcase classname="com.amazontest.HomePageValidations" name="validateUSerBeenAbleToClickOnFindAGiftTAb" time="14.427"/>
  <system-out/>
  <testcase classname="com.amazontest.HomePageValidations" name="validateUserBeingAbleToMouseHoverPrimeButton">
    <skipped/>
  </testcase> <!-- validateUserBeingAbleToMouseHoverPrimeButton -->
  <system-out/>
</testsuite> <!-- com.amazontest.HomePageValidations -->
