<?xml version="1.0" encoding="UTF-8"?>
<!-- Generated by org.testng.reporters.JUnitReportReporter -->
<testsuite hostname="DESKTOP-DVMI27D" failures="0" tests="7" name="com.amazontest.CustomerServiceValidations" time="114.207" errors="0" timestamp="2020-12-03T16:03:56 EST" skipped="0">
  <testcase classname="com.amazontest.CustomerServiceValidations" name="validateUserBeingAbleToClickOnYourOrdersTab" time="15.556"/>
  <system-out/>
  <testcase classname="com.amazontest.CustomerServiceValidations" name="validateUserBeingAbleToClickYourAccountTab" time="16.718"/>
  <system-out/>
  <testcase classname="com.amazontest.CustomerServiceValidations" name="validateUserBeingAbleToClickOnReturnsandRefunds" time="16.067"/>
  <system-out/>
  <testcase classname="com.amazontest.CustomerServiceValidations" name="validateUserBeingAbleToClickOnManagePrimeTab" time="15.834"/>
  <system-out/>
  <testcase classname="com.amazontest.CustomerServiceValidations" name="validateUserBeingAbleToClickOnGetProductHelp" time="16.332"/>
  <system-out/>
  <testcase classname="com.amazontest.CustomerServiceValidations" name="validateUserBeingAbleToClickOnDigitalServicesAndDeviceSupportTab" time="17.431"/>
  <system-out/>
  <testcase classname="com.amazontest.CustomerServiceValidations" name="validateUserBeingAbleToClickOnPaymentsAndGifCardTab" time="16.269"/>
  <system-out/>
</testsuite> <!-- com.amazontest.CustomerServiceValidations -->
